2025-04-04 16:17:07,686 - DEBUG - Starting new HTTPS connection (1): weather.visualcrossing.com:443
2025-04-04 16:17:08,087 - DEBUG - https://weather.visualcrossing.com:443 "GET /VisualCrosingWebServices/rest/services/timeline/london?unitGroup=us&key=YPRFL9YJC993BVMCKUBCYMGFD&contentType=json HTTP/1.1" 404 431
2025-04-04 16:17:08,087 - ERROR - Something Else: Expecting value: line 1 column 1 (char 0)
2025-04-04 16:17:08,089 - DEBUG - Starting new HTTPS connection (1): api.waqi.info:443
2025-04-04 16:17:09,400 - DEBUG - https://api.waqi.info:443 "GET /feed/London/?token=ba82ebbfeadd9c7b6cf12f43bc150dd3039ac2e2 HTTP/1.1" 200 None
2025-04-04 16:17:54,742 - DEBUG - Starting new HTTPS connection (1): weather.visualcrossing.com:443
2025-04-04 16:17:55,174 - DEBUG - https://weather.visualcrossing.com:443 "GET /VisualCrossingWebServices/rest/services/timeline/london?unitGroup=us&key=YPRFL9YJC993BVMCKUBCYMGFD&contentType=json HTTP/1.1" 200 None
2025-04-04 16:17:55,270 - DEBUG - Starting new HTTPS connection (1): api.waqi.info:443
2025-04-04 16:17:56,314 - DEBUG - https://api.waqi.info:443 "GET /feed/London/?token=ba82ebbfeadd9c7b6cf12f43bc150dd3039ac2e2 HTTP/1.1" 200 None
2025-04-07 12:28:56,584 - DEBUG - Starting new HTTPS connection (1): weather.visualcrossing.com:443
2025-04-07 12:28:57,159 - DEBUG - https://weather.visualcrossing.com:443 "GET /VisualCrossingWebServices/rest/services/timeline/london?unitGroup=us&key=YPRFL9YJC993BVMCKUBCYMGFD&contentType=json HTTP/1.1" 200 None
2025-04-07 12:28:57,257 - DEBUG - Starting new HTTPS connection (1): api.waqi.info:443
2025-04-07 12:28:58,277 - DEBUG - https://api.waqi.info:443 "GET /feed/London/?token=ba82ebbfeadd9c7b6cf12f43bc150dd3039ac2e2 HTTP/1.1" 200 None
2025-04-07 13:04:48,331 - DEBUG - Starting new HTTPS connection (1): weather.visualcrossing.com:443
2025-04-07 13:04:48,772 - DEBUG - https://weather.visualcrossing.com:443 "GET /VisualCrossingWebServices/rest/services/timeline/london?unitGroup=us&key=YPRFL9YJC993BVMCKUBCYMGFD&contentType=json HTTP/1.1" 200 None
2025-04-07 13:04:48,869 - DEBUG - Starting new HTTPS connection (1): api.waqi.info:443
2025-04-07 13:04:52,425 - DEBUG - https://api.waqi.info:443 "GET /feed/London/?token=ba82ebbfeadd9c7b6cf12f43bc150dd3039ac2e2 HTTP/1.1" 200 None
2025-04-07 13:05:27,248 - DEBUG - Starting new HTTPS connection (1): weather.visualcrossing.com:443
2025-04-07 13:05:27,838 - DEBUG - https://weather.visualcrossing.com:443 "GET /VisualCrossingWebServices/rest/services/timeline/london?unitGroup=us&key=YPRFL9YJC993BVMCKUBCYMGFD&contentType=json HTTP/1.1" 200 None
2025-04-07 13:05:27,934 - DEBUG - Starting new HTTPS connection (1): api.waqi.info:443
2025-04-07 13:05:28,947 - DEBUG - https://api.waqi.info:443 "GET /feed/London/?token=ba82ebbfeadd9c7b6cf12f43bc150dd3039ac2e2 HTTP/1.1" 200 None
2025-04-07 13:07:05,422 - DEBUG - Starting new HTTPS connection (1): weather.visualcrossing.com:443
2025-04-07 13:07:05,945 - DEBUG - https://weather.visualcrossing.com:443 "GET /VisualCrossingWebServices/rest/services/timeline/london?unitGroup=us&key=YPRFL9YJC993BVMCKUBCYMGFD&contentType=json HTTP/1.1" 200 None
2025-04-07 13:07:05,951 - DEBUG - Starting new HTTPS connection (1): api.waqi.info:443
2025-04-07 13:07:06,986 - DEBUG - https://api.waqi.info:443 "GET /feed/London/?token=ba82ebbfeadd9c7b6cf12f43bc150dd3039ac2e2 HTTP/1.1" 200 None
2025-04-07 13:09:08,612 - DEBUG - Starting new HTTPS connection (1): weather.visualcrossing.com:443
2025-04-07 13:09:09,137 - DEBUG - https://weather.visualcrossing.com:443 "GET /VisualCrossingWebServices/rest/services/timeline/london?unitGroup=us&key=YPRFL9YJC993BVMCKUBCYMGFD&contentType=json HTTP/1.1" 200 None
2025-04-07 13:09:09,157 - DEBUG - Starting new HTTPS connection (1): api.waqi.info:443
2025-04-07 13:09:10,177 - DEBUG - https://api.waqi.info:443 "GET /feed/London/?token=ba82ebbfeadd9c7b6cf12f43bc150dd3039ac2e2 HTTP/1.1" 200 None
2025-04-07 13:10:48,672 - DEBUG - Starting new HTTPS connection (1): weather.visualcrossing.com:443
2025-04-07 13:10:49,203 - DEBUG - https://weather.visualcrossing.com:443 "GET /VisualCrossingWebServices/rest/services/timeline/london?unitGroup=us&key=YPRFL9YJC993BVMCKUBCYMGFD&contentType=json HTTP/1.1" 200 None
2025-04-07 13:10:49,209 - DEBUG - Starting new HTTPS connection (1): api.waqi.info:443
2025-04-07 13:10:50,282 - DEBUG - https://api.waqi.info:443 "GET /feed/London/?token=ba82ebbfeadd9c7b6cf12f43bc150dd3039ac2e2 HTTP/1.1" 200 None
2025-04-07 16:07:01,756 - DEBUG - Starting new HTTPS connection (1): weather.visualcrossing.com:443
2025-04-07 16:07:03,220 - DEBUG - https://weather.visualcrossing.com:443 "GET /VisualCrossingWebServices/rest/services/timeline/london?unitGroup=us&key=YPRFL9YJC993BVMCKUBCYMGFD&contentType=json HTTP/1.1" 200 None
2025-04-07 16:07:03,315 - DEBUG - Starting new HTTPS connection (1): api.waqi.info:443
2025-04-07 16:07:04,325 - DEBUG - https://api.waqi.info:443 "GET /feed/London/?token=ba82ebbfeadd9c7b6cf12f43bc150dd3039ac2e2 HTTP/1.1" 200 None
2025-04-07 16:39:02,396 - DEBUG - Starting new HTTPS connection (1): weather.visualcrossing.com:443
2025-04-07 16:39:02,935 - DEBUG - https://weather.visualcrossing.com:443 "GET /VisualCrossingWebServices/rest/services/timeline/london?unitGroup=us&key=YPRFL9YJC993BVMCKUBCYMGFD&contentType=json HTTP/1.1" 200 None
2025-04-07 16:39:02,942 - DEBUG - Starting new HTTPS connection (1): api.waqi.info:443
2025-04-07 16:39:03,968 - DEBUG - https://api.waqi.info:443 "GET /feed/London/?token=ba82ebbfeadd9c7b6cf12f43bc150dd3039ac2e2 HTTP/1.1" 200 None
2025-04-07 16:39:32,036 - DEBUG - Starting new HTTPS connection (1): weather.visualcrossing.com:443
2025-04-07 16:39:32,463 - DEBUG - https://weather.visualcrossing.com:443 "GET /VisualCrossingWebServices/rest/services/timeline/london?unitGroup=us&key=YPRFL9YJC993BVMCKUBCYMGFD&contentType=json HTTP/1.1" 200 None
2025-04-07 16:39:32,562 - DEBUG - Starting new HTTPS connection (1): api.waqi.info:443
2025-04-07 16:39:33,579 - DEBUG - https://api.waqi.info:443 "GET /feed/London/?token=ba82ebbfeadd9c7b6cf12f43bc150dd3039ac2e2 HTTP/1.1" 200 None
2025-04-07 16:48:37,040 - DEBUG - Starting new HTTPS connection (1): weather.visualcrossing.com:443
2025-04-07 16:48:37,548 - DEBUG - https://weather.visualcrossing.com:443 "GET /VisualCrossingWebServices/rest/services/timeline/london?unitGroup=us&key=YPRFL9YJC993BVMCKUBCYMGFD&contentType=json HTTP/1.1" 200 None
2025-04-07 16:48:37,553 - DEBUG - Starting new HTTPS connection (1): api.waqi.info:443
2025-04-07 16:48:38,571 - DEBUG - https://api.waqi.info:443 "GET /feed/London/?token=ba82ebbfeadd9c7b6cf12f43bc150dd3039ac2e2 HTTP/1.1" 200 None
2025-04-07 16:48:48,306 - DEBUG - Starting new HTTPS connection (1): weather.visualcrossing.com:443
2025-04-07 16:48:48,819 - DEBUG - https://weather.visualcrossing.com:443 "GET /VisualCrossingWebServices/rest/services/timeline/london?unitGroup=us&key=YPRFL9YJC993BVMCKUBCYMGFD&contentType=json HTTP/1.1" 200 None
2025-04-07 16:48:48,826 - DEBUG - Starting new HTTPS connection (1): api.waqi.info:443
2025-04-07 16:48:49,850 - DEBUG - https://api.waqi.info:443 "GET /feed/London/?token=ba82ebbfeadd9c7b6cf12f43bc150dd3039ac2e2 HTTP/1.1" 200 None
2025-04-08 11:40:12,856 - DEBUG - Starting new HTTPS connection (1): weather.visualcrossing.com:443
2025-04-08 11:40:13,437 - DEBUG - https://weather.visualcrossing.com:443 "GET /VisualCrossingWebServices/rest/services/timeline/london?unitGroup=us&key=YPRFL9YJC993BVMCKUBCYMGFD&contentType=json HTTP/1.1" 200 None
2025-04-08 11:40:13,447 - DEBUG - Starting new HTTPS connection (1): api.waqi.info:443
2025-04-08 11:40:14,467 - DEBUG - https://api.waqi.info:443 "GET /feed/London/?token=ba82ebbfeadd9c7b6cf12f43bc150dd3039ac2e2 HTTP/1.1" 200 None
2025-04-08 13:06:30,521 - DEBUG - Starting new HTTPS connection (1): weather.visualcrossing.com:443
2025-04-08 13:06:31,039 - DEBUG - https://weather.visualcrossing.com:443 "GET /VisualCrossingWebServices/rest/services/timeline/london?unitGroup=us&key=YPRFL9YJC993BVMCKUBCYMGFD&contentType=json HTTP/1.1" 200 None
2025-04-08 13:06:31,046 - DEBUG - Starting new HTTPS connection (1): api.waqi.info:443
2025-04-08 13:06:32,096 - DEBUG - https://api.waqi.info:443 "GET /feed/London/?token=ba82ebbfeadd9c7b6cf12f43bc150dd3039ac2e2 HTTP/1.1" 200 None
2025-04-08 14:53:28,323 - DEBUG - Starting new HTTPS connection (1): weather.visualcrossing.com:443
2025-04-08 14:53:28,764 - DEBUG - https://weather.visualcrossing.com:443 "GET /VisualCrossingWebServices/rest/services/timeline/london?unitGroup=us&key=YPRFL9YJC993BVMCKUBCYMGFD&contentType=json HTTP/1.1" 200 None
2025-04-08 14:53:28,861 - DEBUG - Starting new HTTPS connection (1): api.waqi.info:443
2025-04-08 14:53:30,108 - DEBUG - https://api.waqi.info:443 "GET /feed/London/?token=ba82ebbfeadd9c7b6cf12f43bc150dd3039ac2e2 HTTP/1.1" 200 None
2025-04-08 14:55:27,805 - DEBUG - Starting new HTTPS connection (1): weather.visualcrossing.com:443
2025-04-08 14:55:28,646 - DEBUG - https://weather.visualcrossing.com:443 "GET /VisualCrossingWebServices/rest/services/timeline/london?unitGroup=us&key=YPRFL9YJC993BVMCKUBCYMGFD&contentType=json HTTP/1.1" 200 None
2025-04-08 14:55:28,742 - DEBUG - Starting new HTTPS connection (1): api.waqi.info:443
2025-04-08 14:55:29,982 - DEBUG - https://api.waqi.info:443 "GET /feed/London/?token=ba82ebbfeadd9c7b6cf12f43bc150dd3039ac2e2 HTTP/1.1" 200 None
2025-04-08 15:26:59,362 - ERROR - Unable to append weather data
2025-04-08 15:30:41,509 - WARNING - Unable to append weather data
2025-04-08 15:30:41,509 - WARNING - Unable to append air quality data
2025-04-08 15:30:41,510 - WARNING - Unable to append merged data
